<?xml version="1.0" encoding="utf-8"?><testsuites name="pytest tests"><testsuite name="pytest" errors="0" failures="1" skipped="0" tests="19" time="9.675" timestamp="2026-08-18T01:22:44.857489+00:00" hostname="agent-env-7758f2ed-a5cf-49d6-9723-a589c1fd8795"><testcase classname="tests.backend_test.TestAuth" name="test_admin_login" time="0.511" /><testcase classname="tests.backend_test.TestAuth" name="test_login_wrong_password" time="0.730" /><testcase classname="tests.backend_test.TestAuth" name="test_register_admin_forbidden" time="0.341" /><testcase classname="tests.backend_test.TestAuth" name="test_register_student_ok" time="0.446"><failure message="AssertionError: assert 'test_stud_804e74@ex.com' == 'TEST_stud_804e74@ex.com'&#10;  &#10;  - TEST_stud_804e74@ex.com&#10;  ? ^^^^&#10;  + test_stud_804e74@ex.com&#10;  ? ^^^^">backend/tests/backend_test.py:70: in test_register_student_ok
    assert d["user"]["email"] == email
E   AssertionError: assert 'test_stud_804e74@ex.com' == 'TEST_stud_804e74@ex.com'
E     
E     - TEST_stud_804e74@ex.com
E     ? ^^^^
E     + test_stud_804e74@ex.com
E     ? ^^^^</failure></testcase><testcase classname="tests.backend_test.TestPrograms" name="test_admin_can_create_program" time="3.509" /><testcase classname="tests.backend_test.TestPrograms" name="test_non_admin_cannot_create" time="0.159" /><testcase classname="tests.backend_test.TestPrograms" name="test_list_programs_admin_sees_all" time="0.365" /><testcase classname="tests.backend_test.TestPrograms" name="test_donor_only_sees_own" time="0.182" /><testcase classname="tests.backend_test.TestPrograms" name="test_update_program" time="0.528" /><testcase classname="tests.backend_test.TestAuth" name="test_me_returns_current_user" time="2.592" /><testcase classname="tests.backend_test.TestPrograms" name="test_program_achievement" time="0.310" /><testcase classname="tests.backend_test.TestAuth" name="test_me_unauth" time="0.156" /><testcase classname="tests.backend_test.TestOverview" name="test_instructor_overview" time="0.244" /><testcase classname="tests.backend_test.TestPrograms" name="test_delete_program" time="0.353" /><testcase classname="tests.backend_test.TestOverview" name="test_admin_stats" time="0.174" /><testcase classname="tests.backend_test.TestOverview" name="test_donor_forbidden_from_admin_stats" time="0.159" /><testcase classname="tests.backend_test.TestCoursesModules" name="test_instructor_sees_only_own" time="0.158" /><testcase classname="tests.backend_test.TestStudentFlow" name="test_enroll_idempotent_and_progress" time="2.356" /><testcase classname="tests.backend_test.TestCoursesModules" name="test_admin_creates_course_and_instructor_updates" time="1.563" /></testsuite></testsuites>